ARM GAS  /tmp/ccj1RmXB.s 			page 1


   1              		.arch armv7e-m
   2              		.eabi_attribute 27, 1
   3              		.eabi_attribute 28, 1
   4              		.eabi_attribute 20, 1
   5              		.eabi_attribute 21, 1
   6              		.eabi_attribute 23, 3
   7              		.eabi_attribute 24, 1
   8              		.eabi_attribute 25, 1
   9              		.eabi_attribute 26, 1
  10              		.eabi_attribute 30, 2
  11              		.eabi_attribute 34, 1
  12              		.eabi_attribute 18, 4
  13              		.file	"charmap.c"
  14              		.text
  15              	.Ltext0:
  16              		.cfi_sections	.debug_frame
  17              		.section	.text.remap_chars,"ax",%progbits
  18              		.align	1
  19              		.p2align 2,,3
  20              		.global	remap_chars
  21              		.arch armv7e-m
  22              		.syntax unified
  23              		.thumb
  24              		.thumb_func
  25              		.fpu fpv4-sp-d16
  27              	remap_chars:
  28              	.LVL0:
  29              	.LFB0:
  30              		.file 1 "src/charmap.c"
   1:src/charmap.c **** /* This file is part of 34S.
   2:src/charmap.c ****  * 
   3:src/charmap.c ****  * 34S is free software: you can redistribute it and/or modify
   4:src/charmap.c ****  * it under the terms of the GNU General Public License as published by
   5:src/charmap.c ****  * the Free Software Foundation, either version 3 of the License, or
   6:src/charmap.c ****  * (at your option) any later version.
   7:src/charmap.c ****  * 
   8:src/charmap.c ****  * 34S is distributed in the hope that it will be useful,
   9:src/charmap.c ****  * but WITHOUT ANY WARRANTY; without even the implied warranty of
  10:src/charmap.c ****  * MERCHANTABILITY or FITNESS FOR A PARTICULAR PURPOSE.  See the
  11:src/charmap.c ****  * GNU General Public License for more details.
  12:src/charmap.c ****  * 
  13:src/charmap.c ****  * You should have received a copy of the GNU General Public License
  14:src/charmap.c ****  * along with 34S.  If not, see <http://www.gnu.org/licenses/>.
  15:src/charmap.c ****  * 
  16:src/charmap.c ****  * 
  17:src/charmap.c ****  * This file is automatically generated.
  18:src/charmap.c ****  * Changes will not be preserved.
  19:src/charmap.c ****  */
  20:src/charmap.c **** 
  21:src/charmap.c **** /*
  22:src/charmap.c ****  * Using a 256 element table to define equivalence classes is smaller
  23:src/charmap.c ****  * than a switch statement to catch the exception.  Lower case is for
  24:src/charmap.c ****  * Greek letters and the Roman letter doesn't correspond at all with the Greek.
  25:src/charmap.c ****  */
  26:src/charmap.c **** 
  27:src/charmap.c **** /* Maximum distinguished value is 152 */
  28:src/charmap.c **** 
ARM GAS  /tmp/ccj1RmXB.s 			page 2


  29:src/charmap.c **** 
  30:src/charmap.c **** static const unsigned char character_remapping_order[256] = {
  31:src/charmap.c **** 		   0,	  68,	  71,	 135,	 136,	   4,	   0,	 144,	// 0000
  32:src/charmap.c **** 		 104,	 124,	 128,	 127,	 132,	 118,	 119,	 121,	// 0010
  33:src/charmap.c **** 		 120,	   1,	   2,	   3,	  21,	  52,	  52,	 122,	// 0020
  34:src/charmap.c **** 		  58,	  69,	  72,	  44,	 102,	 126,	 133,	 134,	// 0030
  35:src/charmap.c **** 		   0,	 107,	 112,	 152,	 131,	 130,	 140,	 111,	// 0040
  36:src/charmap.c **** 		  98,	  99,	 113,	 100,	 105,	 101,	 106,	 103,	// 0050
  37:src/charmap.c **** 		   4,	   5,	   6,	   7,	   8,	   9,	  10,	  11,	// 0060
  38:src/charmap.c **** 		  12,	  13,	 109,	 110,	 123,	 125,	 129,	 108,	// 0070
  39:src/charmap.c **** 		 114,	  14,	  20,	  21,	  25,	  27,	  32,	  33,	// 0100
  40:src/charmap.c **** 		  34,	  36,	  41,	  42,	  43,	  44,	  45,	  47,	// 0110
  41:src/charmap.c **** 		  53,	  54,	  55,	  57,	  59,	  60,	  66,	  67,	// 0120
  42:src/charmap.c **** 		  68,	  70,	  73,	 145,	 141,	 146,	 142,	 115,	// 0130
  43:src/charmap.c **** 		 151,	  14,	  20,	  21,	  25,	  27,	  32,	  33,	// 0140
  44:src/charmap.c **** 		  34,	  36,	  41,	  42,	  43,	  44,	  45,	  47,	// 0150
  45:src/charmap.c **** 		  53,	  54,	  55,	  57,	  59,	  60,	  66,	  67,	// 0160
  46:src/charmap.c **** 		  68,	  70,	  73,	 147,	 143,	 148,	 116,	 150,	// 0170
  47:src/charmap.c **** 		   7,	  67,	  77,	  78,	  26,	  26,	  25,	  82,	// 0200
  48:src/charmap.c **** 		  19,	  19,	  85,	  68,	  70,	  88,	 138,	  89,	// 0210
  49:src/charmap.c **** 		 113,	  91,	 149,	  54,	  94,	 117,	  96,	  97,	// 0220
  50:src/charmap.c **** 		  20,	  86,	   6,	 137,	  68,	 101,	  35,	 137,	// 0230
  51:src/charmap.c **** 		  75,	  76,	  77,	  78,	  79,	  80,	  81,	  82,	// 0240
  52:src/charmap.c **** 		  83,	  84,	  85,	  86,	  87,	  88,	 139,	  89,	// 0250
  53:src/charmap.c **** 		  90,	  91,	  92,	  93,	  94,	  95,	  96,	  97,	// 0260
  54:src/charmap.c **** 		   4,	   5,	   6,	  21,	  27,	  45,	  53,	  60,	// 0270
  55:src/charmap.c **** 		  15,	  16,	  17,	  18,	  20,	  22,	  23,	  24,	// 0300
  56:src/charmap.c **** 		  28,	  29,	  30,	  31,	  37,	  38,	  39,	  40,	// 0310
  57:src/charmap.c **** 		  46,	  48,	  49,	  50,	  51,	  56,	  58,	  14,	// 0320
  58:src/charmap.c **** 		  61,	  62,	  63,	  64,	  65,	  71,	  72,	  74,	// 0330
  59:src/charmap.c **** 		  15,	  16,	  17,	  18,	  20,	  22,	  23,	  24,	// 0340
  60:src/charmap.c **** 		  28,	  29,	  30,	  31,	  37,	  38,	  39,	  40,	// 0350
  61:src/charmap.c **** 		  46,	  48,	  49,	  50,	  51,	  56,	  58,	  42,	// 0360
  62:src/charmap.c **** 		  61,	  62,	  63,	  64,	  65,	  71,	  72,	  74,	// 0370
  63:src/charmap.c **** 	};
  64:src/charmap.c **** 
  65:src/charmap.c **** 
  66:src/charmap.c **** /* Take a character and remap it into sort order.
  67:src/charmap.c ****  * Also cater for different cases, diacriticals and some
  68:src/charmap.c ****  * special symbols being identical from an ordering perspective.
  69:src/charmap.c ****  */
  70:src/charmap.c **** unsigned char remap_chars(unsigned char ch) {
  31              		.loc 1 70 45 view -0
  32              		.cfi_startproc
  33              		@ args = 0, pretend = 0, frame = 0
  34              		@ frame_needed = 0, uses_anonymous_args = 0
  35              		@ link register save eliminated.
  71:src/charmap.c **** 	return character_remapping_order[ch & 0xff];
  36              		.loc 1 71 2 view .LVU1
  37              		.loc 1 71 34 is_stmt 0 view .LVU2
  38 0000 014B     		ldr	r3, .L3
  72:src/charmap.c **** }
  39              		.loc 1 72 1 view .LVU3
  40 0002 185C     		ldrb	r0, [r3, r0]	@ zero_extendqisi2
  41              	.LVL1:
  42              		.loc 1 72 1 view .LVU4
  43 0004 7047     		bx	lr
ARM GAS  /tmp/ccj1RmXB.s 			page 3


  44              	.L4:
  45 0006 00BF     		.align	2
  46              	.L3:
  47 0008 00000000 		.word	.LANCHOR0
  48              		.cfi_endproc
  49              	.LFE0:
  51              		.section	.rodata.character_remapping_order,"a"
  52              		.align	2
  53              		.set	.LANCHOR0,. + 0
  56              	character_remapping_order:
  57 0000 00444787 		.ascii	"\000DG\207\210\004\000\220h|\200\177\204vwyx\001\002"
  57      88040090 
  57      687C807F 
  57      84767779 
  57      780102
  58 0013 03153434 		.ascii	"\003\02544z:EH,f~\205\206\000kp\230\203\202\214obcq"
  58      7A3A4548 
  58      2C667E85 
  58      86006B70 
  58      9883828C 
  59 002b 6469656A 		.ascii	"diejg\004\005\006\007\010\011\012\013\014\015mn{}\201"
  59      67040506 
  59      0708090A 
  59      0B0C0D6D 
  59      6E7B7D81 
  60 003f 6C720E14 		.ascii	"lr\016\024\025\031\033 !\"$)*+,-/5679;<BCDFI\221\215"
  60      15191B20 
  60      21222429 
  60      2A2B2C2D 
  60      2F353637 
  61 005d 928E7397 		.ascii	"\222\216s\227\016\024\025\031\033 !\"$)*+,-/5679;<B"
  61      0E141519 
  61      1B202122 
  61      24292A2B 
  61      2C2D2F35 
  62 0077 43444649 		.ascii	"CDFI\223\217\224t\226\007CMN\032\032\031R\023\023UD"
  62      938F9474 
  62      9607434D 
  62      4E1A1A19 
  62      52131355 
  63 008c 46588A59 		.ascii	"FX\212Yq[\2256^u`a\024V\006\211De#\211KLMNOPQRSTUVW"
  63      715B9536 
  63      5E756061 
  63      14560689 
  63      44652389 
  64 00ad 588B595A 		.ascii	"X\213YZ[\\]^_`a\004\005\006\025\033-5<\017\020\021\022"
  64      5B5C5D5E 
  64      5F606104 
  64      0506151B 
  64      2D353C0F 
  65 00c4 14161718 		.ascii	"\024\026\027\030\034\035\036\037%&'(.01238:\016=>?@"
  65      1C1D1E1F 
  65      25262728 
  65      2E303132 
  65      33383A0E 
  66 00dc 4147484A 		.ascii	"AGHJ\017\020\021\022\024\026\027\030\034\035\036\037"
  66      0F101112 
ARM GAS  /tmp/ccj1RmXB.s 			page 4


  66      14161718 
  66      1C1D1E1F 
  67 00ec 25262728 		.ascii	"%&'(.01238:*=>?@AGHJ"
  67      2E303132 
  67      33383A2A 
  67      3D3E3F40 
  67      4147484A 
  68              		.text
  69              	.Letext0:
ARM GAS  /tmp/ccj1RmXB.s 			page 5


DEFINED SYMBOLS
                            *ABS*:0000000000000000 charmap.c
     /tmp/ccj1RmXB.s:18     .text.remap_chars:0000000000000000 $t
     /tmp/ccj1RmXB.s:27     .text.remap_chars:0000000000000000 remap_chars
     /tmp/ccj1RmXB.s:47     .text.remap_chars:0000000000000008 $d
     /tmp/ccj1RmXB.s:52     .rodata.character_remapping_order:0000000000000000 $d
     /tmp/ccj1RmXB.s:56     .rodata.character_remapping_order:0000000000000000 character_remapping_order

NO UNDEFINED SYMBOLS
