ARM GAS  /tmp/ccAwOOW6.s 			page 1


   1              		.arch armv7e-m
   2              		.eabi_attribute 27, 1
   3              		.eabi_attribute 28, 1
   4              		.eabi_attribute 20, 1
   5              		.eabi_attribute 21, 1
   6              		.eabi_attribute 23, 3
   7              		.eabi_attribute 24, 1
   8              		.eabi_attribute 25, 1
   9              		.eabi_attribute 26, 1
  10              		.eabi_attribute 30, 2
  11              		.eabi_attribute 34, 1
  12              		.eabi_attribute 18, 4
  13              		.file	"consts.c"
  14              		.text
  15              	.Ltext0:
  16              		.cfi_sections	.debug_frame
  17              		.global	cnsts_conv
  18              		.global	cnsts_d128
  19              		.global	cnsts_d64
  20              		.global	cnsts
  21              		.section	.rodata.str1.4,"aMS",%progbits,1
  22              		.align	2
  23              	.LC0:
  24 0000 48414C46 		.ascii	"HALF\000"
  24      00
  25 0005 000000   		.align	2
  26              	.LC1:
  27 0008 613000   		.ascii	"a0\000"
  28 000b 00       		.align	2
  29              	.LC2:
  30 000c 534D5F6C 		.ascii	"SM_luna\000"
  30      756E6100 
  31              		.align	2
  32              	.LC3:
  33 0014 534D5F74 		.ascii	"SM_terra\000"
  33      65727261 
  33      00
  34 001d 000000   		.align	2
  35              	.LC4:
  36 0020 4300     		.ascii	"C\000"
  37 0022 0000     		.align	2
  38              	.LC5:
  39 0024 433100   		.ascii	"C1\000"
  40 0027 00       		.align	2
  41              	.LC6:
  42 0028 433200   		.ascii	"C2\000"
  43 002b 00       		.align	2
  44              	.LC7:
  45 002c 655600   		.ascii	"eV\000"
  46 002f 00       		.align	2
  47              	.LC8:
  48 0030 434E5354 		.ascii	"CNSTE\000"
  48      4500
  49 0036 0000     		.align	2
  50              	.LC9:
  51 0038 465F616C 		.ascii	"F_alpha\000"
  51      70686100 
ARM GAS  /tmp/ccAwOOW6.s 			page 2


  52              		.align	2
  53              	.LC10:
  54 0040 465F6465 		.ascii	"F_delta\000"
  54      6C746100 
  55              		.align	2
  56              	.LC11:
  57 0048 476F00   		.ascii	"Go\000"
  58 004b 00       		.align	2
  59              	.LC12:
  60 004c 63617461 		.ascii	"catalan\000"
  60      6C616E00 
  61              		.align	2
  62              	.LC13:
  63 0054 476500   		.ascii	"Ge\000"
  64 0057 00       		.align	2
  65              	.LC14:
  66 0058 5747535F 		.ascii	"WGS_GM\000"
  66      474D00
  67 005f 00       		.align	2
  68              	.LC15:
  69 0060 504C414E 		.ascii	"PLANK\000"
  69      4B00
  70 0066 0000     		.align	2
  71              	.LC16:
  72 0068 686F6E32 		.ascii	"hon2PI\000"
  72      504900
  73 006f 00       		.align	2
  74              	.LC17:
  75 0070 4A6B00   		.ascii	"Jk\000"
  76 0073 00       		.align	2
  77              	.LC18:
  78 0074 506C616E 		.ascii	"PlanckL\000"
  78      636B4C00 
  79              		.align	2
  80              	.LC19:
  81 007c 6D6500   		.ascii	"me\000"
  82 007f 00       		.align	2
  83              	.LC20:
  84 0080 4D5F6C75 		.ascii	"M_luna\000"
  84      6E6100
  85 0087 00       		.align	2
  86              	.LC21:
  87 0088 6D6E00   		.ascii	"mn\000"
  88 008b 00       		.align	2
  89              	.LC22:
  90 008c 6D7000   		.ascii	"mp\000"
  91 008f 00       		.align	2
  92              	.LC23:
  93 0090 506C616E 		.ascii	"PlanckM\000"
  93      636B4D00 
  94              		.align	2
  95              	.LC24:
  96 0098 6D7500   		.ascii	"mu\000"
  97 009b 00       		.align	2
  98              	.LC25:
  99 009c 6D756332 		.ascii	"muc2\000"
  99      00
ARM GAS  /tmp/ccAwOOW6.s 			page 3


 100 00a1 000000   		.align	2
 101              	.LC26:
 102 00a4 6D4D7500 		.ascii	"mMu\000"
 103              		.align	2
 104              	.LC27:
 105 00a8 4D5F736F 		.ascii	"M_sol\000"
 105      6C00
 106 00ae 0000     		.align	2
 107              	.LC28:
 108 00b0 4D5F7465 		.ascii	"M_terra\000"
 108      72726100 
 109              		.align	2
 110              	.LC29:
 111 00b8 4E6100   		.ascii	"Na\000"
 112 00bb 00       		.align	2
 113              	.LC30:
 114 00bc 4E414E00 		.ascii	"NAN\000"
 115              		.align	2
 116              	.LC31:
 117 00c0 61746D00 		.ascii	"atm\000"
 118              		.align	2
 119              	.LC32:
 120 00c4 506C616E 		.ascii	"PlanckQ\000"
 120      636B5100 
 121              		.align	2
 122              	.LC33:
 123 00cc 526500   		.ascii	"Re\000"
 124 00cf 00       		.align	2
 125              	.LC34:
 126 00d0 526B00   		.ascii	"Rk\000"
 127 00d3 00       		.align	2
 128              	.LC35:
 129 00d4 525F6C75 		.ascii	"R_luna\000"
 129      6E6100
 130 00db 00       		.align	2
 131              	.LC36:
 132 00dc 52696E66 		.ascii	"Rinf\000"
 132      00
 133 00e1 000000   		.align	2
 134              	.LC37:
 135 00e4 525F736F 		.ascii	"R_sol\000"
 135      6C00
 136 00ea 0000     		.align	2
 137              	.LC38:
 138 00ec 525F7465 		.ascii	"R_terra\000"
 138      72726100 
 139              		.align	2
 140              	.LC39:
 141 00f4 5747535F 		.ascii	"WGS_A\000"
 141      4100
 142 00fa 0000     		.align	2
 143              	.LC40:
 144 00fc 5747535F 		.ascii	"WGS_B\000"
 144      4200
 145 0102 0000     		.align	2
 146              	.LC41:
 147 0104 5747535F 		.ascii	"WGS_E2\000"
ARM GAS  /tmp/ccAwOOW6.s 			page 4


 147      453200
 148 010b 00       		.align	2
 149              	.LC42:
 150 010c 5747535F 		.ascii	"WGS_ES2\000"
 150      45533200 
 151              		.align	2
 152              	.LC43:
 153 0114 5747535F 		.ascii	"WGS_F\000"
 153      4600
 154 011a 0000     		.align	2
 155              	.LC44:
 156 011c 7400     		.ascii	"t\000"
 157 011e 0000     		.align	2
 158              	.LC45:
 159 0120 747000   		.ascii	"tp\000"
 160 0123 00       		.align	2
 161              	.LC46:
 162 0124 506C616E 		.ascii	"PlanckTh\000"
 162      636B5468 
 162      00
 163 012d 000000   		.align	2
 164              	.LC47:
 165 0130 566D00   		.ascii	"Vm\000"
 166 0133 00       		.align	2
 167              	.LC48:
 168 0134 5A6F00   		.ascii	"Zo\000"
 169 0137 00       		.align	2
 170              	.LC49:
 171 0138 616C7068 		.ascii	"alpha\000"
 171      6100
 172 013e 0000     		.align	2
 173              	.LC50:
 174 0140 45554C45 		.ascii	"EULER\000"
 174      5200
 175 0146 0000     		.align	2
 176              	.LC51:
 177 0148 67616D50 		.ascii	"gamP\000"
 177      00
 178 014d 000000   		.align	2
 179              	.LC52:
 180 0150 65707330 		.ascii	"eps0\000"
 180      00
 181 0155 000000   		.align	2
 182              	.LC53:
 183 0158 6C616D43 		.ascii	"lamC\000"
 183      00
 184 015d 000000   		.align	2
 185              	.LC54:
 186 0160 6C616D43 		.ascii	"lamCn\000"
 186      6E00
 187 0166 0000     		.align	2
 188              	.LC55:
 189 0168 6C616D43 		.ascii	"lamCp\000"
 189      7000
 190 016e 0000     		.align	2
 191              	.LC56:
 192 0170 6D753000 		.ascii	"mu0\000"
ARM GAS  /tmp/ccAwOOW6.s 			page 5


 193              		.align	2
 194              	.LC57:
 195 0174 6D754200 		.ascii	"muB\000"
 196              		.align	2
 197              	.LC58:
 198 0178 6D754500 		.ascii	"muE\000"
 199              		.align	2
 200              	.LC59:
 201 017c 6D756E00 		.ascii	"mun\000"
 202              		.align	2
 203              	.LC60:
 204 0180 6D755000 		.ascii	"muP\000"
 205              		.align	2
 206              	.LC61:
 207 0184 6D755F75 		.ascii	"mu_u\000"
 207      00
 208 0189 000000   		.align	2
 209              	.LC62:
 210 018c 6D756D75 		.ascii	"mumu\000"
 210      00
 211 0191 000000   		.align	2
 212              	.LC63:
 213 0194 7369676D 		.ascii	"sigma\000"
 213      6100
 214 019a 0000     		.align	2
 215              	.LC64:
 216 019c 50484900 		.ascii	"PHI\000"
 217              		.align	2
 218              	.LC65:
 219 01a0 70686930 		.ascii	"phi0\000"
 219      00
 220 01a5 000000   		.align	2
 221              	.LC66:
 222 01a8 5747535F 		.ascii	"WGS_OMEGA\000"
 222      4F4D4547 
 222      4100
 223 01b2 0000     		.align	2
 224              	.LC67:
 225 01b4 4E454749 		.ascii	"NEGINF\000"
 225      4E4600
 226 01bb 00       		.align	2
 227              	.LC68:
 228 01bc 494E4600 		.ascii	"INF\000"
 229              		.align	2
 230              	.LC69:
 231 01c0 5A45524F 		.ascii	"ZERO\000"
 231      00
 232 01c5 000000   		.align	2
 233              	.LC70:
 234 01c8 4F4E4500 		.ascii	"ONE\000"
 235              		.align	2
 236              	.LC71:
 237 01cc 48494748 		.ascii	"HIGH_RECIP_E\000"
 237      5F524543 
 237      49505F45 
 237      00
 238 01d9 000000   		.align	2
ARM GAS  /tmp/ccAwOOW6.s 			page 6


 239              	.LC72:
 240 01dc 4C4F575F 		.ascii	"LOW_RECIP_E\000"
 240      52454349 
 240      505F4500 
 241              		.align	2
 242              	.LC73:
 243 01e8 52454349 		.ascii	"RECIP_SQRT5\000"
 243      505F5351 
 243      52543500 
 244              		.align	2
 245              	.LC74:
 246 01f4 52454349 		.ascii	"RECIP_SQRTPI\000"
 246      505F5351 
 246      52545049 
 246      00
 247 0201 000000   		.align	2
 248              	.LC75:
 249 0204 504F494E 		.ascii	"POINT_2214\000"
 249      545F3232 
 249      313400
 250 020f 00       		.align	2
 251              	.LC76:
 252 0210 52454349 		.ascii	"RECIPLN10\000"
 252      504C4E31 
 252      3000
 253 021a 0000     		.align	2
 254              	.LC77:
 255 021c 52454349 		.ascii	"RECIPLN2\000"
 255      504C4E32 
 255      00
 256 0225 000000   		.align	2
 257              	.LC78:
 258 0228 504900   		.ascii	"PI\000"
 259 022b 00       		.align	2
 260              	.LC79:
 261 022c 50496F6E 		.ascii	"PIon2\000"
 261      3200
 262 0232 0000     		.align	2
 263              	.LC80:
 264 0234 53515254 		.ascii	"SQRT_2_PI\000"
 264      5F325F50 
 264      4900
 265 023e 0000     		.align	2
 266              	.LC81:
 267 0240 494E545F 		.ascii	"INT_R_BOUNDS\000"
 267      525F424F 
 267      554E4453 
 267      00
 268              		.section	.rodata.cnsts,"a"
 269              		.align	2
 272              	cnsts:
 273 0000 00       		.byte	0
 274 0001 312F3200 		.ascii	"1/2\000"
 275 0005 000000   		.space	3
 276 0008 00000000 		.word	.LC0
 277 000c 01       		.byte	1
 278 000d 6100     		.ascii	"a\000"
ARM GAS  /tmp/ccAwOOW6.s 			page 7


 279 000f 0000     		.space	2
 280 0011 000000   		.space	3
 281 0014 00000000 		.word	0
 282 0018 02       		.byte	2
 283 0019 61B800   		.ascii	"a\270\000"
 284 001c 00       		.space	1
 285 001d 000000   		.space	3
 286 0020 08000000 		.word	.LC1
 287 0024 03       		.byte	3
 288 0025 611B00   		.ascii	"a\033\000"
 289 0028 00       		.space	1
 290 0029 000000   		.space	3
 291 002c 0C000000 		.word	.LC2
 292 0030 04       		.byte	4
 293 0031 61AE00   		.ascii	"a\256\000"
 294 0034 00       		.space	1
 295 0035 000000   		.space	3
 296 0038 14000000 		.word	.LC3
 297 003c 05       		.byte	5
 298 003d 6300     		.ascii	"c\000"
 299 003f 0000     		.space	2
 300 0041 000000   		.space	3
 301 0044 20000000 		.word	.LC4
 302 0048 06       		.byte	6
 303 0049 63B900   		.ascii	"c\271\000"
 304 004c 00       		.space	1
 305 004d 000000   		.space	3
 306 0050 24000000 		.word	.LC5
 307 0054 07       		.byte	7
 308 0055 63BA00   		.ascii	"c\272\000"
 309 0058 00       		.space	1
 310 0059 000000   		.space	3
 311 005c 28000000 		.word	.LC6
 312 0060 08       		.byte	8
 313 0061 6500     		.ascii	"e\000"
 314 0063 0000     		.space	2
 315 0065 000000   		.space	3
 316 0068 2C000000 		.word	.LC7
 317 006c 82       		.byte	-126
 318 006d 654500   		.ascii	"eE\000"
 319 0070 00       		.space	1
 320 0071 000000   		.space	3
 321 0074 30000000 		.word	.LC8
 322 0078 09       		.byte	9
 323 0079 4600     		.ascii	"F\000"
 324 007b 0000     		.space	2
 325 007d 000000   		.space	3
 326 0080 00000000 		.word	0
 327 0084 83       		.byte	-125
 328 0085 46A000   		.ascii	"F\240\000"
 329 0088 00       		.space	1
 330 0089 000000   		.space	3
 331 008c 38000000 		.word	.LC9
 332 0090 84       		.byte	-124
 333 0091 46A300   		.ascii	"F\243\000"
 334 0094 00       		.space	1
 335 0095 000000   		.space	3
ARM GAS  /tmp/ccAwOOW6.s 			page 8


 336 0098 40000000 		.word	.LC10
 337 009c 0A       		.byte	10
 338 009d 6700     		.ascii	"g\000"
 339 009f 0000     		.space	2
 340 00a1 000000   		.space	3
 341 00a4 00000000 		.word	0
 342 00a8 0B       		.byte	11
 343 00a9 4700     		.ascii	"G\000"
 344 00ab 0000     		.space	2
 345 00ad 000000   		.space	3
 346 00b0 00000000 		.word	0
 347 00b4 0C       		.byte	12
 348 00b5 47B800   		.ascii	"G\270\000"
 349 00b8 00       		.space	1
 350 00b9 000000   		.space	3
 351 00bc 48000000 		.word	.LC11
 352 00c0 85       		.byte	-123
 353 00c1 47BB00   		.ascii	"G\273\000"
 354 00c4 00       		.space	1
 355 00c5 000000   		.space	3
 356 00c8 4C000000 		.word	.LC12
 357 00cc 0D       		.byte	13
 358 00cd 67BC00   		.ascii	"g\274\000"
 359 00d0 00       		.space	1
 360 00d1 000000   		.space	3
 361 00d4 54000000 		.word	.LC13
 362 00d8 0E       		.byte	14
 363 00d9 474D00   		.ascii	"GM\000"
 364 00dc 00       		.space	1
 365 00dd 000000   		.space	3
 366 00e0 58000000 		.word	.LC14
 367 00e4 0F       		.byte	15
 368 00e5 6800     		.ascii	"h\000"
 369 00e7 0000     		.space	2
 370 00e9 000000   		.space	3
 371 00ec 60000000 		.word	.LC15
 372 00f0 10       		.byte	16
 373 00f1 9E00     		.ascii	"\236\000"
 374 00f3 0000     		.space	2
 375 00f5 000000   		.space	3
 376 00f8 68000000 		.word	.LC16
 377 00fc 11       		.byte	17
 378 00fd 6B00     		.ascii	"k\000"
 379 00ff 0000     		.space	2
 380 0101 000000   		.space	3
 381 0104 00000000 		.word	0
 382 0108 12       		.byte	18
 383 0109 4B6A00   		.ascii	"Kj\000"
 384 010c 00       		.space	1
 385 010d 000000   		.space	3
 386 0110 70000000 		.word	.LC17
 387 0114 13       		.byte	19
 388 0115 6CBE00   		.ascii	"l\276\000"
 389 0118 00       		.space	1
 390 0119 000000   		.space	3
 391 011c 74000000 		.word	.LC18
 392 0120 14       		.byte	20
ARM GAS  /tmp/ccAwOOW6.s 			page 9


 393 0121 6DBC00   		.ascii	"m\274\000"
 394 0124 00       		.space	1
 395 0125 000000   		.space	3
 396 0128 7C000000 		.word	.LC19
 397 012c 15       		.byte	21
 398 012d 4D1B00   		.ascii	"M\033\000"
 399 0130 00       		.space	1
 400 0131 000000   		.space	3
 401 0134 80000000 		.word	.LC20
 402 0138 16       		.byte	22
 403 0139 6DBD00   		.ascii	"m\275\000"
 404 013c 00       		.space	1
 405 013d 000000   		.space	3
 406 0140 88000000 		.word	.LC21
 407 0144 17       		.byte	23
 408 0145 6DBE00   		.ascii	"m\276\000"
 409 0148 00       		.space	1
 410 0149 000000   		.space	3
 411 014c 8C000000 		.word	.LC22
 412 0150 18       		.byte	24
 413 0151 4DBE00   		.ascii	"M\276\000"
 414 0154 00       		.space	1
 415 0155 000000   		.space	3
 416 0158 90000000 		.word	.LC23
 417 015c 19       		.byte	25
 418 015d 6DBF00   		.ascii	"m\277\000"
 419 0160 00       		.space	1
 420 0161 000000   		.space	3
 421 0164 98000000 		.word	.LC24
 422 0168 1A       		.byte	26
 423 0169 6DBF639A 		.ascii	"m\277c\232"
 424 016d 000000   		.space	3
 425 0170 9C000000 		.word	.LC25
 426 0174 1B       		.byte	27
 427 0175 6D9900   		.ascii	"m\231\000"
 428 0178 00       		.space	1
 429 0179 000000   		.space	3
 430 017c A4000000 		.word	.LC26
 431 0180 1C       		.byte	28
 432 0181 4D8E00   		.ascii	"M\216\000"
 433 0184 00       		.space	1
 434 0185 000000   		.space	3
 435 0188 A8000000 		.word	.LC27
 436 018c 1D       		.byte	29
 437 018d 4DAE00   		.ascii	"M\256\000"
 438 0190 00       		.space	1
 439 0191 000000   		.space	3
 440 0194 B0000000 		.word	.LC28
 441 0198 1E       		.byte	30
 442 0199 4ED700   		.ascii	"N\327\000"
 443 019c 00       		.space	1
 444 019d 000000   		.space	3
 445 01a0 B8000000 		.word	.LC29
 446 01a4 1F       		.byte	31
 447 01a5 4E614E00 		.ascii	"NaN\000"
 448 01a9 000000   		.space	3
 449 01ac BC000000 		.word	.LC30
ARM GAS  /tmp/ccAwOOW6.s 			page 10


 450 01b0 20       		.byte	32
 451 01b1 70B800   		.ascii	"p\270\000"
 452 01b4 00       		.space	1
 453 01b5 000000   		.space	3
 454 01b8 C0000000 		.word	.LC31
 455 01bc 21       		.byte	33
 456 01bd 71BE00   		.ascii	"q\276\000"
 457 01c0 00       		.space	1
 458 01c1 000000   		.space	3
 459 01c4 C4000000 		.word	.LC32
 460 01c8 22       		.byte	34
 461 01c9 5200     		.ascii	"R\000"
 462 01cb 0000     		.space	2
 463 01cd 000000   		.space	3
 464 01d0 00000000 		.word	0
 465 01d4 23       		.byte	35
 466 01d5 72BC00   		.ascii	"r\274\000"
 467 01d8 00       		.space	1
 468 01d9 000000   		.space	3
 469 01dc CC000000 		.word	.LC33
 470 01e0 24       		.byte	36
 471 01e1 52F700   		.ascii	"R\367\000"
 472 01e4 00       		.space	1
 473 01e5 000000   		.space	3
 474 01e8 D0000000 		.word	.LC34
 475 01ec 25       		.byte	37
 476 01ed 521B00   		.ascii	"R\033\000"
 477 01f0 00       		.space	1
 478 01f1 000000   		.space	3
 479 01f4 D4000000 		.word	.LC35
 480 01f8 26       		.byte	38
 481 01f9 529B00   		.ascii	"R\233\000"
 482 01fc 00       		.space	1
 483 01fd 000000   		.space	3
 484 0200 DC000000 		.word	.LC36
 485 0204 27       		.byte	39
 486 0205 528E00   		.ascii	"R\216\000"
 487 0208 00       		.space	1
 488 0209 000000   		.space	3
 489 020c E4000000 		.word	.LC37
 490 0210 28       		.byte	40
 491 0211 52AE00   		.ascii	"R\256\000"
 492 0214 00       		.space	1
 493 0215 000000   		.space	3
 494 0218 EC000000 		.word	.LC38
 495 021c 29       		.byte	41
 496 021d 536100   		.ascii	"Sa\000"
 497 0220 00       		.space	1
 498 0221 000000   		.space	3
 499 0224 F4000000 		.word	.LC39
 500 0228 2A       		.byte	42
 501 0229 536200   		.ascii	"Sb\000"
 502 022c 00       		.space	1
 503 022d 000000   		.space	3
 504 0230 FC000000 		.word	.LC40
 505 0234 2B       		.byte	43
 506 0235 53659A00 		.ascii	"Se\232\000"
ARM GAS  /tmp/ccAwOOW6.s 			page 11


 507 0239 000000   		.space	3
 508 023c 04010000 		.word	.LC41
 509 0240 2C       		.byte	44
 510 0241 5365279A 		.ascii	"Se'\232"
 511 0245 000000   		.space	3
 512 0248 0C010000 		.word	.LC42
 513 024c 2D       		.byte	45
 514 024d 53669D00 		.ascii	"Sf\235\000"
 515 0251 000000   		.space	3
 516 0254 14010000 		.word	.LC43
 517 0258 2E       		.byte	46
 518 0259 54B800   		.ascii	"T\270\000"
 519 025c 00       		.space	1
 520 025d 000000   		.space	3
 521 0260 1C010000 		.word	.LC44
 522 0264 2F       		.byte	47
 523 0265 74BE00   		.ascii	"t\276\000"
 524 0268 00       		.space	1
 525 0269 000000   		.space	3
 526 026c 20010000 		.word	.LC45
 527 0270 30       		.byte	48
 528 0271 54BE00   		.ascii	"T\276\000"
 529 0274 00       		.space	1
 530 0275 000000   		.space	3
 531 0278 24010000 		.word	.LC46
 532 027c 31       		.byte	49
 533 027d 561B00   		.ascii	"V\033\000"
 534 0280 00       		.space	1
 535 0281 000000   		.space	3
 536 0284 30010000 		.word	.LC47
 537 0288 86       		.byte	-122
 538 0289 5AB800   		.ascii	"Z\270\000"
 539 028c 00       		.space	1
 540 028d 000000   		.space	3
 541 0290 34010000 		.word	.LC48
 542 0294 32       		.byte	50
 543 0295 A000     		.ascii	"\240\000"
 544 0297 0000     		.space	2
 545 0299 000000   		.space	3
 546 029c 38010000 		.word	.LC49
 547 02a0 87       		.byte	-121
 548 02a1 A2454D00 		.ascii	"\242EM\000"
 549 02a5 000000   		.space	3
 550 02a8 40010000 		.word	.LC50
 551 02ac 33       		.byte	51
 552 02ad A2BE00   		.ascii	"\242\276\000"
 553 02b0 00       		.space	1
 554 02b1 000000   		.space	3
 555 02b4 48010000 		.word	.LC51
 556 02b8 88       		.byte	-120
 557 02b9 A4B800   		.ascii	"\244\270\000"
 558 02bc 00       		.space	1
 559 02bd 000000   		.space	3
 560 02c0 50010000 		.word	.LC52
 561 02c4 34       		.byte	52
 562 02c5 AABB00   		.ascii	"\252\273\000"
 563 02c8 00       		.space	1
ARM GAS  /tmp/ccAwOOW6.s 			page 12


 564 02c9 000000   		.space	3
 565 02cc 58010000 		.word	.LC53
 566 02d0 35       		.byte	53
 567 02d1 AABBBD00 		.ascii	"\252\273\275\000"
 568 02d5 000000   		.space	3
 569 02d8 60010000 		.word	.LC54
 570 02dc 36       		.byte	54
 571 02dd AABBBE00 		.ascii	"\252\273\276\000"
 572 02e1 000000   		.space	3
 573 02e4 68010000 		.word	.LC55
 574 02e8 89       		.byte	-119
 575 02e9 ABB800   		.ascii	"\253\270\000"
 576 02ec 00       		.space	1
 577 02ed 000000   		.space	3
 578 02f0 70010000 		.word	.LC56
 579 02f4 37       		.byte	55
 580 02f5 AB9800   		.ascii	"\253\230\000"
 581 02f8 00       		.space	1
 582 02f9 000000   		.space	3
 583 02fc 74010000 		.word	.LC57
 584 0300 38       		.byte	56
 585 0301 ABBC00   		.ascii	"\253\274\000"
 586 0304 00       		.space	1
 587 0305 000000   		.space	3
 588 0308 78010000 		.word	.LC58
 589 030c 39       		.byte	57
 590 030d ABBD00   		.ascii	"\253\275\000"
 591 0310 00       		.space	1
 592 0311 000000   		.space	3
 593 0314 7C010000 		.word	.LC59
 594 0318 3A       		.byte	58
 595 0319 ABBE00   		.ascii	"\253\276\000"
 596 031c 00       		.space	1
 597 031d 000000   		.space	3
 598 0320 80010000 		.word	.LC60
 599 0324 3B       		.byte	59
 600 0325 ABBF00   		.ascii	"\253\277\000"
 601 0328 00       		.space	1
 602 0329 000000   		.space	3
 603 032c 84010000 		.word	.LC61
 604 0330 3C       		.byte	60
 605 0331 AB9900   		.ascii	"\253\231\000"
 606 0334 00       		.space	1
 607 0335 000000   		.space	3
 608 0338 8C010000 		.word	.LC62
 609 033c 3D       		.byte	61
 610 033d B19800   		.ascii	"\261\230\000"
 611 0340 00       		.space	1
 612 0341 000000   		.space	3
 613 0344 94010000 		.word	.LC63
 614 0348 8A       		.byte	-118
 615 0349 9400     		.ascii	"\224\000"
 616 034b 0000     		.space	2
 617 034d 000000   		.space	3
 618 0350 9C010000 		.word	.LC64
 619 0354 3E       		.byte	62
 620 0355 94B800   		.ascii	"\224\270\000"
ARM GAS  /tmp/ccAwOOW6.s 			page 13


 621 0358 00       		.space	1
 622 0359 000000   		.space	3
 623 035c A0010000 		.word	.LC65
 624 0360 3F       		.byte	63
 625 0361 B700     		.ascii	"\267\000"
 626 0363 0000     		.space	2
 627 0365 000000   		.space	3
 628 0368 A8010000 		.word	.LC66
 629 036c 40       		.byte	64
 630 036d 2D9F00   		.ascii	"-\237\000"
 631 0370 00       		.space	1
 632 0371 000000   		.space	3
 633 0374 B4010000 		.word	.LC67
 634 0378 41       		.byte	65
 635 0379 9F00     		.ascii	"\237\000"
 636 037b 0000     		.space	2
 637 037d 000000   		.space	3
 638 0380 BC010000 		.word	.LC68
 639 0384 42       		.byte	66
 640 0385 2300     		.ascii	"#\000"
 641 0387 0000     		.space	2
 642 0389 000000   		.space	3
 643 038c C0010000 		.word	.LC69
 644 0390 43       		.byte	67
 645 0391 3100     		.ascii	"1\000"
 646 0393 0000     		.space	2
 647 0395 000000   		.space	3
 648 0398 C8010000 		.word	.LC70
 649 039c 8B       		.byte	-117
 650 039d 312F6548 		.ascii	"1/eH"
 651 03a1 000000   		.space	3
 652 03a4 CC010000 		.word	.LC71
 653 03a8 8C       		.byte	-116
 654 03a9 312F654C 		.ascii	"1/eL"
 655 03ad 000000   		.space	3
 656 03b0 DC010000 		.word	.LC72
 657 03b4 8D       		.byte	-115
 658 03b5 312F0335 		.ascii	"1/\0035"
 659 03b9 000000   		.space	3
 660 03bc E8010000 		.word	.LC73
 661 03c0 8E       		.byte	-114
 662 03c1 312F03AF 		.ascii	"1/\003\257"
 663 03c5 000000   		.space	3
 664 03c8 F4010000 		.word	.LC74
 665 03cc 44       		.byte	68
 666 03cd 43686932 		.ascii	"Chi2"
 667 03d1 000000   		.space	3
 668 03d4 04020000 		.word	.LC75
 669 03d8 8F       		.byte	-113
 670 03d9 4C31309D 		.ascii	"L10\235"
 671 03dd 000000   		.space	3
 672 03e0 10020000 		.word	.LC76
 673 03e4 90       		.byte	-112
 674 03e5 4C4E3200 		.ascii	"LN2\000"
 675 03e9 000000   		.space	3
 676 03ec 00000000 		.word	0
 677 03f0 91       		.byte	-111
ARM GAS  /tmp/ccAwOOW6.s 			page 14


 678 03f1 4C4E329D 		.ascii	"LN2\235"
 679 03f5 000000   		.space	3
 680 03f8 1C020000 		.word	.LC77
 681 03fc 92       		.byte	-110
 682 03fd AF00     		.ascii	"\257\000"
 683 03ff 0000     		.space	2
 684 0401 000000   		.space	3
 685 0404 28020000 		.word	.LC78
 686 0408 93       		.byte	-109
 687 0409 AF2F3200 		.ascii	"\257/2\000"
 688 040d 000000   		.space	3
 689 0410 2C020000 		.word	.LC79
 690 0414 94       		.byte	-108
 691 0415 0332AF00 		.ascii	"\0032\257\000"
 692 0419 000000   		.space	3
 693 041c 34020000 		.word	.LC80
 694 0420 45       		.byte	69
 695 0421 04526742 		.ascii	"\004RgB"
 696 0425 000000   		.space	3
 697 0428 40020000 		.word	.LC81
 698              		.section	.rodata.cnsts_conv,"a"
 699              		.align	2
 702              	cnsts_conv:
 703 0000 ED       		.byte	-19
 704 0001 9C       		.byte	-100
 705 0002 D5       		.byte	-43
 706 0003 02       		.byte	2
 707 0004 00       		.byte	0
 708 0005 00       		.byte	0
 709 0006 18       		.byte	24
 710 0007 22       		.byte	34
 711 0008 6B67     		.ascii	"kg"
 712 000a 6C6200   		.ascii	"lb\000"
 713 000d 000000   		.space	3
 714 0010 3E       		.byte	62
 715 0011 75       		.byte	117
 716 0012 B0       		.byte	-80
 717 0013 27       		.byte	39
 718 0014 00       		.byte	0
 719 0015 00       		.byte	0
 720 0016 18       		.byte	24
 721 0017 22       		.byte	34
 722 0018 6B67     		.ascii	"kg"
 723 001a 73746F6E 		.ascii	"stone\000"
 723      6500
 724 0020 20       		.byte	32
 725 0021 AA       		.byte	-86
 726 0022 03       		.byte	3
 727 0023 45       		.byte	69
 728 0024 01       		.byte	1
 729 0025 00       		.byte	0
 730 0026 18       		.byte	24
 731 0027 22       		.byte	34
 732 0028 6B67     		.ascii	"kg"
 733 002a 63777400 		.ascii	"cwt\000"
 734 002e 0000     		.space	2
 735 0030 ED       		.byte	-19
ARM GAS  /tmp/ccAwOOW6.s 			page 15


 736 0031 9C       		.byte	-100
 737 0032 D5       		.byte	-43
 738 0033 02       		.byte	2
 739 0034 00       		.byte	0
 740 0035 00       		.byte	0
 741 0036 20       		.byte	32
 742 0037 22       		.byte	34
 743 0038 6B67     		.ascii	"kg"
 744 003a 732E6377 		.ascii	"s.cwt\000"
 744      7400
 745 0040 7D       		.byte	125
 746 0041 2C       		.byte	44
 747 0042 D8       		.byte	-40
 748 0043 15       		.byte	21
 749 0044 07       		.byte	7
 750 0045 00       		.byte	0
 751 0046 14       		.byte	20
 752 0047 22       		.byte	34
 753 0048 6700     		.ascii	"g\000"
 754 004a 6F7A00   		.ascii	"oz\000"
 755 004d 000000   		.space	3
 756 0050 00       		.byte	0
 757 0051 8B       		.byte	-117
 758 0052 70       		.byte	112
 759 0053 13       		.byte	19
 760 0054 00       		.byte	0
 761 0055 00       		.byte	0
 762 0056 1C       		.byte	28
 763 0057 22       		.byte	34
 764 0058 6700     		.ascii	"g\000"
 765 005a 74722E6F 		.ascii	"tr.oz\000"
 765      7A00
 766 0060 61       		.byte	97
 767 0061 1A       		.byte	26
 768 0062 07       		.byte	7
 769 0063 00       		.byte	0
 770 0064 00       		.byte	0
 771 0065 00       		.byte	0
 772 0066 24       		.byte	36
 773 0067 22       		.byte	34
 774 0068 6C00     		.ascii	"l\000"
 775 006a 67616C55 		.ascii	"galUK\000"
 775      4B00
 776 0070 10       		.byte	16
 777 0071 6F       		.byte	111
 778 0072 16       		.byte	22
 779 0073 F1       		.byte	-15
 780 0074 00       		.byte	0
 781 0075 00       		.byte	0
 782 0076 14       		.byte	20
 783 0077 22       		.byte	34
 784 0078 6C00     		.ascii	"l\000"
 785 007a 67616C55 		.ascii	"galUS\000"
 785      5300
 786 0080 50       		.byte	80
 787 0081 3A       		.byte	58
 788 0082 CD       		.byte	-51
ARM GAS  /tmp/ccAwOOW6.s 			page 16


 789 0083 13       		.byte	19
 790 0084 07       		.byte	7
 791 0085 00       		.byte	0
 792 0086 14       		.byte	20
 793 0087 22       		.byte	34
 794 0088 6C00     		.ascii	"l\000"
 795 008a 63667400 		.ascii	"cft\000"
 796 008e 0000     		.space	2
 797 0090 71       		.byte	113
 798 0091 0A       		.byte	10
 799 0092 C2       		.byte	-62
 800 0093 11       		.byte	17
 801 0094 00       		.byte	0
 802 0095 00       		.byte	0
 803 0096 1C       		.byte	28
 804 0097 22       		.byte	34
 805 0098 6D6C     		.ascii	"ml"
 806 009a 666C6F7A 		.ascii	"flozUK"
 806      554B
 807 00a0 71       		.byte	113
 808 00a1 9E       		.byte	-98
 809 00a2 F4       		.byte	-12
 810 00a3 ED       		.byte	-19
 811 00a4 49       		.byte	73
 812 00a5 00       		.byte	0
 813 00a6 10       		.byte	16
 814 00a7 22       		.byte	34
 815 00a8 6D6C     		.ascii	"ml"
 816 00aa 666C6F7A 		.ascii	"flozUS"
 816      5553
 817 00b0 FE       		.byte	-2
 818 00b1 00       		.byte	0
 819 00b2 00       		.byte	0
 820 00b3 00       		.byte	0
 821 00b4 00       		.byte	0
 822 00b5 00       		.byte	0
 823 00b6 30       		.byte	48
 824 00b7 22       		.byte	34
 825 00b8 636D     		.ascii	"cm"
 826 00ba 696E6368 		.ascii	"inches"
 826      6573
 827 00c0 20       		.byte	32
 828 00c1 49       		.byte	73
 829 00c2 00       		.byte	0
 830 00c3 00       		.byte	0
 831 00c4 00       		.byte	0
 832 00c5 00       		.byte	0
 833 00c6 28       		.byte	40
 834 00c7 22       		.byte	34
 835 00c8 6D00     		.ascii	"m\000"
 836 00ca 66617468 		.ascii	"fathom"
 836      6F6D
 837 00d0 30       		.byte	48
 838 00d1 0C       		.byte	12
 839 00d2 00       		.byte	0
 840 00d3 00       		.byte	0
 841 00d4 00       		.byte	0
ARM GAS  /tmp/ccAwOOW6.s 			page 17


 842 00d5 00       		.byte	0
 843 00d6 28       		.byte	40
 844 00d7 22       		.byte	34
 845 00d8 6D00     		.ascii	"m\000"
 846 00da 66656574 		.ascii	"feet\000"
 846      00
 847 00df 00       		.space	1
 848 00e0 C0       		.byte	-64
 849 00e1 30       		.byte	48
 850 00e2 00       		.byte	0
 851 00e3 86       		.byte	-122
 852 00e4 01       		.byte	1
 853 00e5 30       		.byte	48
 854 00e6 F8       		.byte	-8
 855 00e7 2D       		.byte	45
 856 00e8 6D00     		.ascii	"m\000"
 857 00ea 66656574 		.ascii	"feetUS"
 857      5553
 858 00f0 90       		.byte	-112
 859 00f1 24       		.byte	36
 860 00f2 00       		.byte	0
 861 00f3 00       		.byte	0
 862 00f4 00       		.byte	0
 863 00f5 00       		.byte	0
 864 00f6 28       		.byte	40
 865 00f7 22       		.byte	34
 866 00f8 6D00     		.ascii	"m\000"
 867 00fa 79617264 		.ascii	"yards\000"
 867      7300
 868 0100 58       		.byte	88
 869 0101 85       		.byte	-123
 870 0102 19       		.byte	25
 871 0103 00       		.byte	0
 872 0104 00       		.byte	0
 873 0105 00       		.byte	0
 874 0106 20       		.byte	32
 875 0107 22       		.byte	34
 876 0108 6B6D     		.ascii	"km"
 877 010a 6D696C65 		.ascii	"miles\000"
 877      7300
 878 0110 28       		.byte	40
 879 0111 57       		.byte	87
 880 0112 0B       		.byte	11
 881 0113 D3       		.byte	-45
 882 0114 97       		.byte	-105
 883 0115 5E       		.byte	94
 884 0116 34       		.byte	52
 885 0117 22       		.byte	34
 886 0118 6B6D     		.ascii	"km"
 887 011a 6C2E792E 		.ascii	"l.y.\000"
 887      00
 888 011f 00       		.space	1
 889 0120 6F       		.byte	111
 890 0121 AD       		.byte	-83
 891 0122 57       		.byte	87
 892 0123 64       		.byte	100
 893 0124 A9       		.byte	-87
ARM GAS  /tmp/ccAwOOW6.s 			page 18


 894 0125 55       		.byte	85
 895 0126 30       		.byte	48
 896 0127 2E       		.byte	46
 897 0128 6B6D     		.ascii	"km"
 898 012a 706300   		.ascii	"pc\000"
 899 012d 000000   		.space	3
 900 0130 C3       		.byte	-61
 901 0131 4A       		.byte	74
 902 0132 FF       		.byte	-1
 903 0133 5E       		.byte	94
 904 0134 00       		.byte	0
 905 0135 00       		.byte	0
 906 0136 34       		.byte	52
 907 0137 22       		.byte	34
 908 0138 6B6D     		.ascii	"km"
 909 013a 415500   		.ascii	"AU\000"
 910 013d 000000   		.space	3
 911 0140 54       		.byte	84
 912 0141 07       		.byte	7
 913 0142 00       		.byte	0
 914 0143 00       		.byte	0
 915 0144 00       		.byte	0
 916 0145 00       		.byte	0
 917 0146 2C       		.byte	44
 918 0147 22       		.byte	34
 919 0148 6B6D     		.ascii	"km"
 920 014a 6E6D6900 		.ascii	"nmi\000"
 921 014e 0000     		.space	2
 922 0150 E0       		.byte	-32
 923 0151 D0       		.byte	-48
 924 0152 48       		.byte	72
 925 0153 1D       		.byte	29
 926 0154 0A       		.byte	10
 927 0155 00       		.byte	0
 928 0156 0C       		.byte	12
 929 0157 22       		.byte	34
 930 0158 6861     		.ascii	"ha"
 931 015a 61637265 		.ascii	"acres\000"
 931      7300
 932 0160 FC       		.byte	-4
 933 0161 A8       		.byte	-88
 934 0162 1D       		.byte	29
 935 0163 26       		.byte	38
 936 0164 DA       		.byte	-38
 937 0165 2E       		.byte	46
 938 0166 F8       		.byte	-8
 939 0167 31       		.byte	49
 940 0168 6861     		.ascii	"ha"
 941 016a 61637265 		.ascii	"acreUS"
 941      5553
 942 0170 5D       		.byte	93
 943 0171 62       		.byte	98
 944 0172 82       		.byte	-126
 945 0173 8D       		.byte	-115
 946 0174 78       		.byte	120
 947 0175 2C       		.byte	44
 948 0176 04       		.byte	4
ARM GAS  /tmp/ccAwOOW6.s 			page 19


 949 0177 22       		.byte	34
 950 0178 4E00     		.ascii	"N\000"
 951 017a 6C626600 		.ascii	"lbf\000"
 952 017e 0000     		.space	2
 953 0180 06       		.byte	6
 954 0181 25       		.byte	37
 955 0182 99       		.byte	-103
 956 0183 5F       		.byte	95
 957 0184 1A       		.byte	26
 958 0185 00       		.byte	0
 959 0186 18       		.byte	24
 960 0187 22       		.byte	34
 961 0188 4A00     		.ascii	"J\000"
 962 018a 42747500 		.ascii	"Btu\000"
 963 018e 0000     		.space	2
 964 0190 64       		.byte	100
 965 0191 A7       		.byte	-89
 966 0192 00       		.byte	0
 967 0193 00       		.byte	0
 968 0194 00       		.byte	0
 969 0195 00       		.byte	0
 970 0196 28       		.byte	40
 971 0197 22       		.byte	34
 972 0198 4A00     		.ascii	"J\000"
 973 019a 63616C00 		.ascii	"cal\000"
 974 019e 0000     		.space	2
 975 01a0 00       		.byte	0
 976 01a1 60       		.byte	96
 977 01a2 39       		.byte	57
 978 01a3 00       		.byte	0
 979 01a4 00       		.byte	0
 980 01a5 00       		.byte	0
 981 01a6 38       		.byte	56
 982 01a7 22       		.byte	34
 983 01a8 4A00     		.ascii	"J\000"
 984 01aa 6B576800 		.ascii	"kWh\000"
 985 01ae 0000     		.space	2
 986 01b0 45       		.byte	69
 987 01b1 95       		.byte	-107
 988 01b2 01       		.byte	1
 989 01b3 00       		.byte	0
 990 01b4 00       		.byte	0
 991 01b5 00       		.byte	0
 992 01b6 38       		.byte	56
 993 01b7 22       		.byte	34
 994 01b8 5061     		.ascii	"Pa"
 995 01ba 61746D00 		.ascii	"atm\000"
 996 01be 0000     		.space	2
 997 01c0 00       		.byte	0
 998 01c1 90       		.byte	-112
 999 01c2 01       		.byte	1
 1000 01c3 00       		.byte	0
 1001 01c4 00       		.byte	0
 1002 01c5 00       		.byte	0
 1003 01c6 38       		.byte	56
 1004 01c7 22       		.byte	34
 1005 01c8 5061     		.ascii	"Pa"
ARM GAS  /tmp/ccAwOOW6.s 			page 20


 1006 01ca 62617200 		.ascii	"bar\000"
 1007 01ce 0000     		.space	2
 1008 01d0 9F       		.byte	-97
 1009 01d1 0D       		.byte	13
 1010 01d2 26       		.byte	38
 1011 01d3 54       		.byte	84
 1012 01d4 21       		.byte	33
 1013 01d5 00       		.byte	0
 1014 01d6 14       		.byte	20
 1015 01d7 22       		.byte	34
 1016 01d8 5061     		.ascii	"Pa"
 1017 01da 6D6D4867 		.ascii	"mmHg\000"
 1017      00
 1018 01df 00       		.space	1
 1019 01e0 69       		.byte	105
 1020 01e1 A1       		.byte	-95
 1021 01e2 52       		.byte	82
 1022 01e3 52       		.byte	82
 1023 01e4 BD       		.byte	-67
 1024 01e5 7E       		.byte	126
 1025 01e6 0B       		.byte	11
 1026 01e7 3A       		.byte	58
 1027 01e8 5061     		.ascii	"Pa"
 1028 01ea 70736900 		.ascii	"psi\000"
 1029 01ee 0000     		.space	2
 1030 01f0 55       		.byte	85
 1031 01f1 01       		.byte	1
 1032 01f2 4A       		.byte	74
 1033 01f3 98       		.byte	-104
 1034 01f4 60       		.byte	96
 1035 01f5 03       		.byte	3
 1036 01f6 14       		.byte	20
 1037 01f7 22       		.byte	34
 1038 01f8 5061     		.ascii	"Pa"
 1039 01fa 696E4867 		.ascii	"inHg\000"
 1039      00
 1040 01ff 00       		.space	1
 1041 0200 0E       		.byte	14
 1042 0201 4A       		.byte	74
 1043 0202 C3       		.byte	-61
 1044 0203 EA       		.byte	-22
 1045 0204 37       		.byte	55
 1046 0205 4D       		.byte	77
 1047 0206 05       		.byte	5
 1048 0207 26       		.byte	38
 1049 0208 5061     		.ascii	"Pa"
 1050 020a 746F7272 		.ascii	"torr\000"
 1050      00
 1051 020f 00       		.space	1
 1052 0210 BE       		.byte	-66
 1053 0211 DA       		.byte	-38
 1054 0212 BC       		.byte	-68
 1055 0213 AC       		.byte	-84
 1056 0214 F9       		.byte	-7
 1057 0215 C8       		.byte	-56
 1058 0216 05       		.byte	5
 1059 0217 3E       		.byte	62
ARM GAS  /tmp/ccAwOOW6.s 			page 21


 1060 0218 5700     		.ascii	"W\000"
 1061 021a 68702849 		.ascii	"hp(I)\000"
 1061      2900
 1062 0220 6B       		.byte	107
 1063 0221 97       		.byte	-105
 1064 0222 98       		.byte	-104
 1065 0223 04       		.byte	4
 1066 0224 00       		.byte	0
 1067 0225 00       		.byte	0
 1068 0226 24       		.byte	36
 1069 0227 22       		.byte	34
 1070 0228 5700     		.ascii	"W\000"
 1071 022a 6870284D 		.ascii	"hp(M)\000"
 1071      2900
 1072 0230 EA       		.byte	-22
 1073 0231 02       		.byte	2
 1074 0232 00       		.byte	0
 1075 0233 00       		.byte	0
 1076 0234 00       		.byte	0
 1077 0235 00       		.byte	0
 1078 0236 38       		.byte	56
 1079 0237 22       		.byte	34
 1080 0238 5700     		.ascii	"W\000"
 1081 023a 68702845 		.ascii	"hp(E)\000"
 1081      2900
 1082 0240 58       		.byte	88
 1083 0241 54       		.byte	84
 1084 0242 07       		.byte	7
 1085 0243 8A       		.byte	-118
 1086 0244 02       		.byte	2
 1087 0245 00       		.byte	0
 1088 0246 10       		.byte	16
 1089 0247 22       		.byte	34
 1090 0248 7400     		.ascii	"t\000"
 1091 024a 746F6E73 		.ascii	"tons\000"
 1091      00
 1092 024f 00       		.space	1
 1093 0250 DA       		.byte	-38
 1094 0251 39       		.byte	57
 1095 0252 AB       		.byte	-85
 1096 0253 05       		.byte	5
 1097 0254 00       		.byte	0
 1098 0255 00       		.byte	0
 1099 0256 18       		.byte	24
 1100 0257 22       		.byte	34
 1101 0258 7400     		.ascii	"t\000"
 1102 025a 732E746F 		.ascii	"s.tons"
 1102      6E73
 1103              		.section	.rodata.cnsts_d128,"a"
 1104              		.align	2
 1107              	cnsts_d128:
 1108 0000 05       		.byte	5
 1109 0001 00       		.byte	0
 1110 0002 00       		.byte	0
 1111 0003 00       		.byte	0
 1112 0004 00       		.byte	0
 1113 0005 00       		.byte	0
ARM GAS  /tmp/ccAwOOW6.s 			page 22


 1114 0006 00       		.byte	0
 1115 0007 00       		.byte	0
 1116 0008 00       		.byte	0
 1117 0009 00       		.byte	0
 1118 000a 00       		.byte	0
 1119 000b 00       		.byte	0
 1120 000c 00       		.byte	0
 1121 000d C0       		.byte	-64
 1122 000e 07       		.byte	7
 1123 000f 22       		.byte	34
 1124 0010 A9       		.byte	-87
 1125 0011 31       		.byte	49
 1126 0012 3A       		.byte	58
 1127 0013 00       		.byte	0
 1128 0014 00       		.byte	0
 1129 0015 00       		.byte	0
 1130 0016 00       		.byte	0
 1131 0017 00       		.byte	0
 1132 0018 00       		.byte	0
 1133 0019 00       		.byte	0
 1134 001a 00       		.byte	0
 1135 001b 00       		.byte	0
 1136 001c 00       		.byte	0
 1137 001d 00       		.byte	0
 1138 001e 07       		.byte	7
 1139 001f 22       		.byte	34
 1140 0020 96       		.byte	-106
 1141 0021 82       		.byte	-126
 1142 0022 75       		.byte	117
 1143 0023 DD       		.byte	-35
 1144 0024 47       		.byte	71
 1145 0025 68       		.byte	104
 1146 0026 AD       		.byte	-83
 1147 0027 D3       		.byte	-45
 1148 0028 C2       		.byte	-62
 1149 0029 72       		.byte	114
 1150 002a 3C       		.byte	60
 1151 002b 67       		.byte	103
 1152 002c E4       		.byte	-28
 1153 002d EC       		.byte	-20
 1154 002e FF       		.byte	-1
 1155 002f 29       		.byte	41
 1156 0030 D8       		.byte	-40
 1157 0031 68       		.byte	104
 1158 0032 93       		.byte	-109
 1159 0033 B6       		.byte	-74
 1160 0034 E1       		.byte	-31
 1161 0035 1B       		.byte	27
 1162 0036 D9       		.byte	-39
 1163 0037 CC       		.byte	-52
 1164 0038 F7       		.byte	-9
 1165 0039 17       		.byte	23
 1166 003a 6B       		.byte	107
 1167 003b 2F       		.byte	47
 1168 003c 6E       		.byte	110
 1169 003d DF       		.byte	-33
 1170 003e FF       		.byte	-1
ARM GAS  /tmp/ccAwOOW6.s 			page 23


 1171 003f 29       		.byte	41
 1172 0040 CA       		.byte	-54
 1173 0041 48       		.byte	72
 1174 0042 47       		.byte	71
 1175 0043 F3       		.byte	-13
 1176 0044 32       		.byte	50
 1177 0045 55       		.byte	85
 1178 0046 7F       		.byte	127
 1179 0047 EA       		.byte	-22
 1180 0048 BD       		.byte	-67
 1181 0049 19       		.byte	25
 1182 004a 61       		.byte	97
 1183 004b 26       		.byte	38
 1184 004c D3       		.byte	-45
 1185 004d E9       		.byte	-23
 1186 004e FF       		.byte	-1
 1187 004f 31       		.byte	49
 1188 0050 49       		.byte	73
 1189 0051 0F       		.byte	15
 1190 0052 55       		.byte	85
 1191 0053 C9       		.byte	-55
 1192 0054 08       		.byte	8
 1193 0055 22       		.byte	34
 1194 0056 5A       		.byte	90
 1195 0057 E2       		.byte	-30
 1196 0058 0B       		.byte	11
 1197 0059 C1       		.byte	-63
 1198 005a AD       		.byte	-83
 1199 005b 3F       		.byte	63
 1200 005c FA       		.byte	-6
 1201 005d 89       		.byte	-119
 1202 005e FF       		.byte	-1
 1203 005f 6D       		.byte	109
 1204 0060 C1       		.byte	-63
 1205 0061 2C       		.byte	44
 1206 0062 43       		.byte	67
 1207 0063 00       		.byte	0
 1208 0064 F6       		.byte	-10
 1209 0065 A9       		.byte	-87
 1210 0066 AA       		.byte	-86
 1211 0067 28       		.byte	40
 1212 0068 6C       		.byte	108
 1213 0069 9A       		.byte	-102
 1214 006a 86       		.byte	-122
 1215 006b BC       		.byte	-68
 1216 006c F4       		.byte	-12
 1217 006d 6F       		.byte	111
 1218 006e 00       		.byte	0
 1219 006f 2E       		.byte	46
 1220 0070 18       		.byte	24
 1221 0071 E0       		.byte	-32
 1222 0072 4C       		.byte	76
 1223 0073 38       		.byte	56
 1224 0074 1E       		.byte	30
 1225 0075 41       		.byte	65
 1226 0076 78       		.byte	120
 1227 0077 89       		.byte	-119
ARM GAS  /tmp/ccAwOOW6.s 			page 24


 1228 0078 D4       		.byte	-44
 1229 0079 03       		.byte	3
 1230 007a 89       		.byte	-119
 1231 007b 72       		.byte	114
 1232 007c 42       		.byte	66
 1233 007d B0       		.byte	-80
 1234 007e FF       		.byte	-1
 1235 007f 35       		.byte	53
 1236 0080 4B       		.byte	75
 1237 0081 AC       		.byte	-84
 1238 0082 F2       		.byte	-14
 1239 0083 12       		.byte	18
 1240 0084 A4       		.byte	-92
 1241 0085 35       		.byte	53
 1242 0086 64       		.byte	100
 1243 0087 6F       		.byte	111
 1244 0088 82       		.byte	-126
 1245 0089 BE       		.byte	-66
 1246 008a 0D       		.byte	13
 1247 008b 8B       		.byte	-117
 1248 008c 56       		.byte	86
 1249 008d 37       		.byte	55
 1250 008e FD       		.byte	-3
 1251 008f 21       		.byte	33
 1252 0090 21       		.byte	33
 1253 0091 DF       		.byte	-33
 1254 0092 14       		.byte	20
 1255 0093 56       		.byte	86
 1256 0094 0E       		.byte	14
 1257 0095 81       		.byte	-127
 1258 0096 9D       		.byte	-99
 1259 0097 54       		.byte	84
 1260 0098 F9       		.byte	-7
 1261 0099 6C       		.byte	108
 1262 009a 3D       		.byte	61
 1263 009b F4       		.byte	-12
 1264 009c 09       		.byte	9
 1265 009d 50       		.byte	80
 1266 009e FE       		.byte	-2
 1267 009f 25       		.byte	37
 1268 00a0 7E       		.byte	126
 1269 00a1 B6       		.byte	-74
 1270 00a2 25       		.byte	37
 1271 00a3 B4       		.byte	-76
 1272 00a4 92       		.byte	-110
 1273 00a5 CC       		.byte	-52
 1274 00a6 40       		.byte	64
 1275 00a7 ED       		.byte	-19
 1276 00a8 77       		.byte	119
 1277 00a9 BB       		.byte	-69
 1278 00aa DC       		.byte	-36
 1279 00ab 87       		.byte	-121
 1280 00ac A0       		.byte	-96
 1281 00ad E6       		.byte	-26
 1282 00ae FF       		.byte	-1
 1283 00af 25       		.byte	37
 1284 00b0 92       		.byte	-110
ARM GAS  /tmp/ccAwOOW6.s 			page 25


 1285 00b1 40       		.byte	64
 1286 00b2 90       		.byte	-112
 1287 00b3 17       		.byte	23
 1288 00b4 8A       		.byte	-118
 1289 00b5 9F       		.byte	-97
 1290 00b6 A0       		.byte	-96
 1291 00b7 03       		.byte	3
 1292 00b8 49       		.byte	73
 1293 00b9 1D       		.byte	29
 1294 00ba B0       		.byte	-80
 1295 00bb 4F       		.byte	79
 1296 00bc 4C       		.byte	76
 1297 00bd 02       		.byte	2
 1298 00be 00       		.byte	0
 1299 00bf 22       		.byte	34
 1300 00c0 CF       		.byte	-49
 1301 00c1 43       		.byte	67
 1302 00c2 00       		.byte	0
 1303 00c3 97       		.byte	-105
 1304 00c4 13       		.byte	19
 1305 00c5 59       		.byte	89
 1306 00c6 99       		.byte	-103
 1307 00c7 DA       		.byte	-38
 1308 00c8 93       		.byte	-109
 1309 00c9 4D       		.byte	77
 1310 00ca 6F       		.byte	111
 1311 00cb 28       		.byte	40
 1312 00cc 27       		.byte	39
 1313 00cd 6A       		.byte	106
 1314 00ce F7       		.byte	-9
 1315 00cf 69       		.byte	105
 1316 00d0 28       		.byte	40
 1317 00d1 3A       		.byte	58
 1318 00d2 17       		.byte	23
 1319 00d3 D5       		.byte	-43
 1320 00d4 56       		.byte	86
 1321 00d5 32       		.byte	50
 1322 00d6 23       		.byte	35
 1323 00d7 36       		.byte	54
 1324 00d8 E4       		.byte	-28
 1325 00d9 F9       		.byte	-7
 1326 00da BA       		.byte	-70
 1327 00db 1F       		.byte	31
 1328 00dc 82       		.byte	-126
 1329 00dd 9D       		.byte	-99
 1330 00de FF       		.byte	-1
 1331 00df 31       		.byte	49
 1332 00e0 D6       		.byte	-42
 1333 00e1 7E       		.byte	126
 1334 00e2 39       		.byte	57
 1335 00e3 A0       		.byte	-96
 1336 00e4 C6       		.byte	-58
 1337 00e5 E0       		.byte	-32
 1338 00e6 95       		.byte	-107
 1339 00e7 2D       		.byte	45
 1340 00e8 63       		.byte	99
 1341 00e9 77       		.byte	119
ARM GAS  /tmp/ccAwOOW6.s 			page 26


 1342 00ea 43       		.byte	67
 1343 00eb FF       		.byte	-1
 1344 00ec 1D       		.byte	29
 1345 00ed A8       		.byte	-88
 1346 00ee FF       		.byte	-1
 1347 00ef 35       		.byte	53
 1348 00f0 33       		.byte	51
 1349 00f1 98       		.byte	-104
 1350 00f2 D2       		.byte	-46
 1351 00f3 4B       		.byte	75
 1352 00f4 48       		.byte	72
 1353 00f5 FF       		.byte	-1
 1354 00f6 51       		.byte	81
 1355 00f7 64       		.byte	100
 1356 00f8 20       		.byte	32
 1357 00f9 08       		.byte	8
 1358 00fa 33       		.byte	51
 1359 00fb C3       		.byte	-61
 1360 00fc 6E       		.byte	110
 1361 00fd 95       		.byte	-107
 1362 00fe FF       		.byte	-1
 1363 00ff 31       		.byte	49
 1364 0100 FE       		.byte	-2
 1365 0101 16       		.byte	22
 1366 0102 69       		.byte	105
 1367 0103 4D       		.byte	77
 1368 0104 50       		.byte	80
 1369 0105 AC       		.byte	-84
 1370 0106 78       		.byte	120
 1371 0107 51       		.byte	81
 1372 0108 DC       		.byte	-36
 1373 0109 95       		.byte	-107
 1374 010a 25       		.byte	37
 1375 010b 5F       		.byte	95
 1376 010c 37       		.byte	55
 1377 010d BA       		.byte	-70
 1378 010e FF       		.byte	-1
 1379 010f 39       		.byte	57
 1380 0110 7C       		.byte	124
 1381 0111 07       		.byte	7
 1382 0112 90       		.byte	-112
 1383 0113 2A       		.byte	42
 1384 0114 E7       		.byte	-25
 1385 0115 67       		.byte	103
 1386 0116 5D       		.byte	93
 1387 0117 36       		.byte	54
 1388 0118 3C       		.byte	60
 1389 0119 DE       		.byte	-34
 1390 011a 28       		.byte	40
 1391 011b DC       		.byte	-36
 1392 011c AA       		.byte	-86
 1393 011d DB       		.byte	-37
 1394 011e FF       		.byte	-1
 1395 011f 25       		.byte	37
 1396 0120 F7       		.byte	-9
 1397 0121 5D       		.byte	93
 1398 0122 F4       		.byte	-12
ARM GAS  /tmp/ccAwOOW6.s 			page 27


 1399 0123 D7       		.byte	-41
 1400 0124 A0       		.byte	-96
 1401 0125 CE       		.byte	-50
 1402 0126 B9       		.byte	-71
 1403 0127 93       		.byte	-109
 1404 0128 71       		.byte	113
 1405 0129 93       		.byte	-109
 1406 012a 8D       		.byte	-115
 1407 012b 42       		.byte	66
 1408 012c D9       		.byte	-39
 1409 012d C8       		.byte	-56
 1410 012e FF       		.byte	-1
 1411 012f 2D       		.byte	45
 1412 0130 EF       		.byte	-17
 1413 0131 FE       		.byte	-2
 1414 0132 39       		.byte	57
 1415 0133 6B       		.byte	107
 1416 0134 50       		.byte	80
 1417 0135 E7       		.byte	-25
 1418 0136 AC       		.byte	-84
 1419 0137 09       		.byte	9
 1420 0138 B8       		.byte	-72
 1421 0139 C6       		.byte	-58
 1422 013a 46       		.byte	70
 1423 013b 71       		.byte	113
 1424 013c AC       		.byte	-84
 1425 013d E3       		.byte	-29
 1426 013e FF       		.byte	-1
 1427 013f 25       		.byte	37
 1428 0140 2D       		.byte	45
 1429 0141 AC       		.byte	-84
 1430 0142 CC       		.byte	-52
 1431 0143 51       		.byte	81
 1432 0144 BF       		.byte	-65
 1433 0145 9F       		.byte	-97
 1434 0146 D9       		.byte	-39
 1435 0147 07       		.byte	7
 1436 0148 C0       		.byte	-64
 1437 0149 9D       		.byte	-99
 1438 014a 12       		.byte	18
 1439 014b D1       		.byte	-47
 1440 014c A9       		.byte	-87
 1441 014d DF       		.byte	-33
 1442 014e FF       		.byte	-1
 1443 014f 29       		.byte	41
 1444              		.section	.rodata.cnsts_d64,"a"
 1445              		.align	2
 1448              	cnsts_d64:
 1449 0000 05       		.byte	5
 1450 0001 00       		.byte	0
 1451 0002 00       		.byte	0
 1452 0003 00       		.byte	0
 1453 0004 00       		.byte	0
 1454 0005 00       		.byte	0
 1455 0006 34       		.byte	52
 1456 0007 22       		.byte	34
 1457 0008 A9       		.byte	-87
ARM GAS  /tmp/ccAwOOW6.s 			page 28


 1458 0009 31       		.byte	49
 1459 000a 3A       		.byte	58
 1460 000b 00       		.byte	0
 1461 000c 00       		.byte	0
 1462 000d 00       		.byte	0
 1463 000e 28       		.byte	40
 1464 000f 22       		.byte	34
 1465 0010 43       		.byte	67
 1466 0011 44       		.byte	68
 1467 0012 5B       		.byte	91
 1468 0013 39       		.byte	57
 1469 0014 0D       		.byte	13
 1470 0015 00       		.byte	0
 1471 0016 E4       		.byte	-28
 1472 0017 21       		.byte	33
 1473 0018 4C       		.byte	76
 1474 0019 0F       		.byte	15
 1475 001a 00       		.byte	0
 1476 001b 00       		.byte	0
 1477 001c 00       		.byte	0
 1478 001d 00       		.byte	0
 1479 001e 4C       		.byte	76
 1480 001f 22       		.byte	34
 1481 0020 D3       		.byte	-45
 1482 0021 BF       		.byte	-65
 1483 0022 17       		.byte	23
 1484 0023 00       		.byte	0
 1485 0024 00       		.byte	0
 1486 0025 00       		.byte	0
 1487 0026 4C       		.byte	76
 1488 0027 22       		.byte	34
 1489 0028 CA       		.byte	-54
 1490 0029 61       		.byte	97
 1491 002a BC       		.byte	-68
 1492 002b 12       		.byte	18
 1493 002c 00       		.byte	0
 1494 002d 00       		.byte	0
 1495 002e 38       		.byte	56
 1496 002f 22       		.byte	34
 1497 0030 B3       		.byte	-77
 1498 0031 C4       		.byte	-60
 1499 0032 62       		.byte	98
 1500 0033 17       		.byte	23
 1501 0034 00       		.byte	0
 1502 0035 00       		.byte	0
 1503 0036 D8       		.byte	-40
 1504 0037 21       		.byte	33
 1505 0038 E0       		.byte	-32
 1506 0039 B6       		.byte	-74
 1507 003a FD       		.byte	-3
 1508 003b 08       		.byte	8
 1509 003c 00       		.byte	0
 1510 003d 00       		.byte	0
 1511 003e 10       		.byte	16
 1512 003f 22       		.byte	34
 1513 0040 D0       		.byte	-48
 1514 0041 F8       		.byte	-8
ARM GAS  /tmp/ccAwOOW6.s 			page 29


 1515 0042 5B       		.byte	91
 1516 0043 01       		.byte	1
 1517 0044 04       		.byte	4
 1518 0045 00       		.byte	0
 1519 0046 C4       		.byte	-60
 1520 0047 21       		.byte	33
 1521 0048 21       		.byte	33
 1522 0049 55       		.byte	85
 1523 004a 88       		.byte	-120
 1524 004b 68       		.byte	104
 1525 004c 02       		.byte	2
 1526 004d 00       		.byte	0
 1527 004e 24       		.byte	36
 1528 004f 22       		.byte	34
 1529 0050 99       		.byte	-103
 1530 0051 52       		.byte	82
 1531 0052 0F       		.byte	15
 1532 0053 00       		.byte	0
 1533 0054 00       		.byte	0
 1534 0055 00       		.byte	0
 1535 0056 24       		.byte	36
 1536 0057 22       		.byte	34
 1537 0058 98       		.byte	-104
 1538 0059 6D       		.byte	109
 1539 005a 0A       		.byte	10
 1540 005b 00       		.byte	0
 1541 005c 00       		.byte	0
 1542 005d 00       		.byte	0
 1543 005e F8       		.byte	-8
 1544 005f 21       		.byte	33
 1545 0060 DB       		.byte	-37
 1546 0061 6E       		.byte	110
 1547 0062 C1       		.byte	-63
 1548 0063 EE       		.byte	-18
 1549 0064 01       		.byte	1
 1550 0065 00       		.byte	0
 1551 0066 00       		.byte	0
 1552 0067 22       		.byte	34
 1553 0068 B6       		.byte	-74
 1554 0069 D0       		.byte	-48
 1555 006a 26       		.byte	38
 1556 006b FA       		.byte	-6
 1557 006c 39       		.byte	57
 1558 006d C8       		.byte	-56
 1559 006e 00       		.byte	0
 1560 006f A2       		.byte	-94
 1561 0070 A2       		.byte	-94
 1562 0071 11       		.byte	17
 1563 0072 A0       		.byte	-96
 1564 0073 FD       		.byte	-3
 1565 0074 00       		.byte	0
 1566 0075 00       		.byte	0
 1567 0076 4C       		.byte	76
 1568 0077 22       		.byte	34
 1569 0078 04       		.byte	4
 1570 0079 7C       		.byte	124
 1571 007a 69       		.byte	105
ARM GAS  /tmp/ccAwOOW6.s 			page 30


 1572 007b 29       		.byte	41
 1573 007c 00       		.byte	0
 1574 007d 00       		.byte	0
 1575 007e 90       		.byte	-112
 1576 007f 21       		.byte	33
 1577 0080 CE       		.byte	-50
 1578 0081 86       		.byte	-122
 1579 0082 A8       		.byte	-88
 1580 0083 00       		.byte	0
 1581 0084 00       		.byte	0
 1582 0085 00       		.byte	0
 1583 0086 94       		.byte	-108
 1584 0087 21       		.byte	33
 1585 0088 54       		.byte	84
 1586 0089 03       		.byte	3
 1587 008a A1       		.byte	-95
 1588 008b 08       		.byte	8
 1589 008c 00       		.byte	0
 1590 008d 00       		.byte	0
 1591 008e BC       		.byte	-68
 1592 008f 21       		.byte	33
 1593 0090 0D       		.byte	13
 1594 0091 4A       		.byte	74
 1595 0092 3F       		.byte	63
 1596 0093 34       		.byte	52
 1597 0094 01       		.byte	1
 1598 0095 00       		.byte	0
 1599 0096 4C       		.byte	76
 1600 0097 22       		.byte	34
 1601 0098 E5       		.byte	-27
 1602 0099 A0       		.byte	-96
 1603 009a 19       		.byte	25
 1604 009b 00       		.byte	0
 1605 009c 00       		.byte	0
 1606 009d 00       		.byte	0
 1607 009e 94       		.byte	-108
 1608 009f 21       		.byte	33
 1609 00a0 64       		.byte	100
 1610 00a1 A9       		.byte	-87
 1611 00a2 EE       		.byte	-18
 1612 00a3 38       		.byte	56
 1613 00a4 00       		.byte	0
 1614 00a5 00       		.byte	0
 1615 00a6 9C       		.byte	-100
 1616 00a7 21       		.byte	33
 1617 00a8 5D       		.byte	93
 1618 00a9 1D       		.byte	29
 1619 00aa 00       		.byte	0
 1620 00ab 00       		.byte	0
 1621 00ac 00       		.byte	0
 1622 00ad 00       		.byte	0
 1623 00ae 84       		.byte	-124
 1624 00af 22       		.byte	34
 1625 00b0 D7       		.byte	-41
 1626 00b1 7D       		.byte	125
 1627 00b2 2E       		.byte	46
 1628 00b3 6A       		.byte	106
ARM GAS  /tmp/ccAwOOW6.s 			page 31


 1629 00b4 00       		.byte	0
 1630 00b5 00       		.byte	0
 1631 00b6 A8       		.byte	-88
 1632 00b7 21       		.byte	33
 1633 00b8 82       		.byte	-126
 1634 00b9 B7       		.byte	-73
 1635 00ba 09       		.byte	9
 1636 00bb 6A       		.byte	106
 1637 00bc 00       		.byte	0
 1638 00bd 00       		.byte	0
 1639 00be A8       		.byte	-88
 1640 00bf 21       		.byte	33
 1641 00c0 87       		.byte	-121
 1642 00c1 66       		.byte	102
 1643 00c2 03       		.byte	3
 1644 00c3 00       		.byte	0
 1645 00c4 00       		.byte	0
 1646 00c5 00       		.byte	0
 1647 00c6 04       		.byte	4
 1648 00c7 22       		.byte	34
 1649 00c8 88       		.byte	-120
 1650 00c9 D7       		.byte	-41
 1651 00ca 60       		.byte	96
 1652 00cb 0A       		.byte	10
 1653 00cc 00       		.byte	0
 1654 00cd 00       		.byte	0
 1655 00ce AC       		.byte	-84
 1656 00cf 21       		.byte	33
 1657 00d0 3E       		.byte	62
 1658 00d1 88       		.byte	-120
 1659 00d2 C6       		.byte	-58
 1660 00d3 5E       		.byte	94
 1661 00d4 00       		.byte	0
 1662 00d5 00       		.byte	0
 1663 00d6 EC       		.byte	-20
 1664 00d7 21       		.byte	33
 1665 00d8 52       		.byte	82
 1666 00d9 4E       		.byte	78
 1667 00da 38       		.byte	56
 1668 00db 77       		.byte	119
 1669 00dc 00       		.byte	0
 1670 00dd 00       		.byte	0
 1671 00de A4       		.byte	-92
 1672 00df 21       		.byte	33
 1673 00e0 7B       		.byte	123
 1674 00e1 4F       		.byte	79
 1675 00e2 00       		.byte	0
 1676 00e3 00       		.byte	0
 1677 00e4 00       		.byte	0
 1678 00e5 00       		.byte	0
 1679 00e6 A0       		.byte	-96
 1680 00e7 22       		.byte	34
 1681 00e8 E0       		.byte	-32
 1682 00e9 EE       		.byte	-18
 1683 00ea 00       		.byte	0
 1684 00eb 00       		.byte	0
 1685 00ec 00       		.byte	0
ARM GAS  /tmp/ccAwOOW6.s 			page 32


 1686 00ed 00       		.byte	0
 1687 00ee 88       		.byte	-120
 1688 00ef 22       		.byte	34
 1689 00f0 59       		.byte	89
 1690 00f1 33       		.byte	51
 1691 00f2 62       		.byte	98
 1692 00f3 81       		.byte	-127
 1693 00f4 01       		.byte	1
 1694 00f5 00       		.byte	0
 1695 00f6 70       		.byte	112
 1696 00f7 22       		.byte	34
 1697 00f8 00       		.byte	0
 1698 00f9 00       		.byte	0
 1699 00fa 00       		.byte	0
 1700 00fb 00       		.byte	0
 1701 00fc 00       		.byte	0
 1702 00fd 00       		.byte	0
 1703 00fe 00       		.byte	0
 1704 00ff 7C       		.byte	124
 1705 0100 45       		.byte	69
 1706 0101 95       		.byte	-107
 1707 0102 01       		.byte	1
 1708 0103 00       		.byte	0
 1709 0104 00       		.byte	0
 1710 0105 00       		.byte	0
 1711 0106 38       		.byte	56
 1712 0107 22       		.byte	34
 1713 0108 22       		.byte	34
 1714 0109 AE       		.byte	-82
 1715 010a 1D       		.byte	29
 1716 010b 00       		.byte	0
 1717 010c 00       		.byte	0
 1718 010d 00       		.byte	0
 1719 010e D8       		.byte	-40
 1720 010f 21       		.byte	33
 1721 0110 56       		.byte	86
 1722 0111 42       		.byte	66
 1723 0112 32       		.byte	50
 1724 0113 05       		.byte	5
 1725 0114 00       		.byte	0
 1726 0115 00       		.byte	0
 1727 0116 1C       		.byte	28
 1728 0117 22       		.byte	34
 1729 0118 E3       		.byte	-29
 1730 0119 4C       		.byte	76
 1731 011a 36       		.byte	54
 1732 011b 0B       		.byte	11
 1733 011c 07       		.byte	7
 1734 011d 00       		.byte	0
 1735 011e D4       		.byte	-44
 1736 011f 21       		.byte	33
 1737 0120 2B       		.byte	43
 1738 0121 2A       		.byte	42
 1739 0122 01       		.byte	1
 1740 0123 88       		.byte	-120
 1741 0124 40       		.byte	64
 1742 0125 00       		.byte	0
ARM GAS  /tmp/ccAwOOW6.s 			page 33


 1743 0126 1C       		.byte	28
 1744 0127 22       		.byte	34
 1745 0128 F1       		.byte	-15
 1746 0129 B6       		.byte	-74
 1747 012a 02       		.byte	2
 1748 012b 00       		.byte	0
 1749 012c 00       		.byte	0
 1750 012d 00       		.byte	0
 1751 012e 3C       		.byte	60
 1752 012f 22       		.byte	34
 1753 0130 FC       		.byte	-4
 1754 0131 E1       		.byte	-31
 1755 0132 B8       		.byte	-72
 1756 0133 6D       		.byte	109
 1757 0134 F3       		.byte	-13
 1758 0135 0A       		.byte	10
 1759 0136 20       		.byte	32
 1760 0137 22       		.byte	34
 1761 0138 B8       		.byte	-72
 1762 0139 02       		.byte	2
 1763 013a 00       		.byte	0
 1764 013b 00       		.byte	0
 1765 013c 00       		.byte	0
 1766 013d 00       		.byte	0
 1767 013e 50       		.byte	80
 1768 013f 22       		.byte	34
 1769 0140 65       		.byte	101
 1770 0141 F4       		.byte	-12
 1771 0142 09       		.byte	9
 1772 0143 00       		.byte	0
 1773 0144 00       		.byte	0
 1774 0145 00       		.byte	0
 1775 0146 3C       		.byte	60
 1776 0147 22       		.byte	34
 1777 0148 89       		.byte	-119
 1778 0149 E8       		.byte	-24
 1779 014a 65       		.byte	101
 1780 014b 00       		.byte	0
 1781 014c 00       		.byte	0
 1782 014d 00       		.byte	0
 1783 014e 38       		.byte	56
 1784 014f 22       		.byte	34
 1785 0150 8E       		.byte	-114
 1786 0151 2C       		.byte	44
 1787 0152 78       		.byte	120
 1788 0153 E3       		.byte	-29
 1789 0154 0F       		.byte	15
 1790 0155 00       		.byte	0
 1791 0156 28       		.byte	40
 1792 0157 22       		.byte	34
 1793 0158 0E       		.byte	14
 1794 0159 9C       		.byte	-100
 1795 015a 5F       		.byte	95
 1796 015b 5B       		.byte	91
 1797 015c A7       		.byte	-89
 1798 015d 00       		.byte	0
 1799 015e 00       		.byte	0
ARM GAS  /tmp/ccAwOOW6.s 			page 34


 1800 015f 22       		.byte	34
 1801 0160 E4       		.byte	-28
 1802 0161 88       		.byte	-120
 1803 0162 5A       		.byte	90
 1804 0163 7B       		.byte	123
 1805 0164 A8       		.byte	-88
 1806 0165 00       		.byte	0
 1807 0166 00       		.byte	0
 1808 0167 22       		.byte	34
 1809 0168 33       		.byte	51
 1810 0169 7E       		.byte	126
 1811 016a 13       		.byte	19
 1812 016b 90       		.byte	-112
 1813 016c 4A       		.byte	74
 1814 016d 00       		.byte	0
 1815 016e 14       		.byte	20
 1816 016f 22       		.byte	34
 1817 0170 3B       		.byte	59
 1818 0171 6D       		.byte	109
 1819 0172 00       		.byte	0
 1820 0173 00       		.byte	0
 1821 0174 00       		.byte	0
 1822 0175 00       		.byte	0
 1823 0176 30       		.byte	48
 1824 0177 22       		.byte	34
 1825 0178 74       		.byte	116
 1826 0179 6C       		.byte	108
 1827 017a 08       		.byte	8
 1828 017b 00       		.byte	0
 1829 017c 00       		.byte	0
 1830 017d 00       		.byte	0
 1831 017e 74       		.byte	116
 1832 017f 21       		.byte	33
 1833 0180 28       		.byte	40
 1834 0181 83       		.byte	-125
 1835 0182 16       		.byte	22
 1836 0183 00       		.byte	0
 1837 0184 00       		.byte	0
 1838 0185 00       		.byte	0
 1839 0186 A0       		.byte	-96
 1840 0187 22       		.byte	34
 1841 0188 C2       		.byte	-62
 1842 0189 77       		.byte	119
 1843 018a 66       		.byte	102
 1844 018b 01       		.byte	1
 1845 018c 00       		.byte	0
 1846 018d 00       		.byte	0
 1847 018e 14       		.byte	20
 1848 018f 22       		.byte	34
 1849 0190 98       		.byte	-104
 1850 0191 36       		.byte	54
 1851 0192 D8       		.byte	-40
 1852 0193 3C       		.byte	60
 1853 0194 12       		.byte	18
 1854 0195 00       		.byte	0
 1855 0196 04       		.byte	4
 1856 0197 22       		.byte	34
ARM GAS  /tmp/ccAwOOW6.s 			page 35


 1857 0198 DB       		.byte	-37
 1858 0199 C0       		.byte	-64
 1859 019a AB       		.byte	-85
 1860 019b 01       		.byte	1
 1861 019c 00       		.byte	0
 1862 019d 00       		.byte	0
 1863 019e 3C       		.byte	60
 1864 019f 22       		.byte	34
 1865 01a0 6F       		.byte	111
 1866 01a1 99       		.byte	-103
 1867 01a2 71       		.byte	113
 1868 01a3 10       		.byte	16
 1869 01a4 06       		.byte	6
 1870 01a5 00       		.byte	0
 1871 01a6 E0       		.byte	-32
 1872 01a7 21       		.byte	33
 1873 01a8 E1       		.byte	-31
 1874 01a9 69       		.byte	105
 1875 01aa F1       		.byte	-15
 1876 01ab FB       		.byte	-5
 1877 01ac 20       		.byte	32
 1878 01ad 00       		.byte	0
 1879 01ae D0       		.byte	-48
 1880 01af 21       		.byte	33
 1881 01b0 8C       		.byte	-116
 1882 01b1 65       		.byte	101
 1883 01b2 CF       		.byte	-49
 1884 01b3 08       		.byte	8
 1885 01b4 21       		.byte	33
 1886 01b5 00       		.byte	0
 1887 01b6 D0       		.byte	-48
 1888 01b7 21       		.byte	33
 1889 01b8 E2       		.byte	-30
 1890 01b9 27       		.byte	39
 1891 01ba 20       		.byte	32
 1892 01bb 51       		.byte	81
 1893 01bc 02       		.byte	2
 1894 01bd 00       		.byte	0
 1895 01be B4       		.byte	-76
 1896 01bf 21       		.byte	33
 1897 01c0 CE       		.byte	-50
 1898 01c1 71       		.byte	113
 1899 01c2 07       		.byte	7
 1900 01c3 3A       		.byte	58
 1901 01c4 00       		.byte	0
 1902 01c5 00       		.byte	0
 1903 01c6 B8       		.byte	-72
 1904 01c7 A1       		.byte	-95
 1905 01c8 6D       		.byte	109
 1906 01c9 59       		.byte	89
 1907 01ca 9A       		.byte	-102
 1908 01cb 00       		.byte	0
 1909 01cc 00       		.byte	0
 1910 01cd 00       		.byte	0
 1911 01ce B4       		.byte	-76
 1912 01cf A1       		.byte	-95
 1913 01d0 69       		.byte	105
ARM GAS  /tmp/ccAwOOW6.s 			page 36


 1914 01d1 0F       		.byte	15
 1915 01d2 A1       		.byte	-95
 1916 01d3 86       		.byte	-122
 1917 01d4 03       		.byte	3
 1918 01d5 00       		.byte	0
 1919 01d6 A8       		.byte	-88
 1920 01d7 21       		.byte	33
 1921 01d8 BB       		.byte	-69
 1922 01d9 3E       		.byte	62
 1923 01da 2C       		.byte	44
 1924 01db 43       		.byte	67
 1925 01dc 01       		.byte	1
 1926 01dd 00       		.byte	0
 1927 01de A8       		.byte	-88
 1928 01df 21       		.byte	33
 1929 01e0 3A       		.byte	58
 1930 01e1 B3       		.byte	-77
 1931 01e2 10       		.byte	16
 1932 01e3 1C       		.byte	28
 1933 01e4 00       		.byte	0
 1934 01e5 00       		.byte	0
 1935 01e6 B0       		.byte	-80
 1936 01e7 A1       		.byte	-95
 1937 01e8 6F       		.byte	111
 1938 01e9 79       		.byte	121
 1939 01ea 5A       		.byte	90
 1940 01eb 00       		.byte	0
 1941 01ec 00       		.byte	0
 1942 01ed 00       		.byte	0
 1943 01ee 00       		.byte	0
 1944 01ef 22       		.byte	34
 1945 01f0 3F       		.byte	63
 1946 01f1 07       		.byte	7
 1947 01f2 3D       		.byte	61
 1948 01f3 84       		.byte	-124
 1949 01f4 00       		.byte	0
 1950 01f5 00       		.byte	0
 1951 01f6 D8       		.byte	-40
 1952 01f7 21       		.byte	33
 1953 01f8 73       		.byte	115
 1954 01f9 90       		.byte	-112
 1955 01fa 74       		.byte	116
 1956 01fb 00       		.byte	0
 1957 01fc 00       		.byte	0
 1958 01fd 00       		.byte	0
 1959 01fe 0C       		.byte	12
 1960 01ff 22       		.byte	34
 1961 0200 00       		.byte	0
 1962 0201 00       		.byte	0
 1963 0202 00       		.byte	0
 1964 0203 00       		.byte	0
 1965 0204 00       		.byte	0
 1966 0205 00       		.byte	0
 1967 0206 00       		.byte	0
 1968 0207 F8       		.byte	-8
 1969 0208 00       		.byte	0
 1970 0209 00       		.byte	0
ARM GAS  /tmp/ccAwOOW6.s 			page 37


 1971 020a 00       		.byte	0
 1972 020b 00       		.byte	0
 1973 020c 00       		.byte	0
 1974 020d 00       		.byte	0
 1975 020e 00       		.byte	0
 1976 020f 78       		.byte	120
 1977 0210 00       		.byte	0
 1978 0211 00       		.byte	0
 1979 0212 00       		.byte	0
 1980 0213 00       		.byte	0
 1981 0214 00       		.byte	0
 1982 0215 00       		.byte	0
 1983 0216 00       		.byte	0
 1984 0217 00       		.byte	0
 1985 0218 01       		.byte	1
 1986 0219 00       		.byte	0
 1987 021a 00       		.byte	0
 1988 021b 00       		.byte	0
 1989 021c 00       		.byte	0
 1990 021d 00       		.byte	0
 1991 021e 38       		.byte	56
 1992 021f 22       		.byte	34
 1993 0220 D6       		.byte	-42
 1994 0221 08       		.byte	8
 1995 0222 00       		.byte	0
 1996 0223 00       		.byte	0
 1997 0224 00       		.byte	0
 1998 0225 00       		.byte	0
 1999 0226 28       		.byte	40
 2000 0227 22       		.byte	34
 2001 0228 86       		.byte	-122
 2002 0229 E8       		.byte	-24
 2003 022a 01       		.byte	1
 2004 022b 00       		.byte	0
 2005 022c 00       		.byte	0
 2006 022d 00       		.byte	0
 2007 022e 2C       		.byte	44
 2008 022f 22       		.byte	34
 2009              		.text
 2010              	.Letext0:
 2011              		.file 1 "src/decNumber/decContext.h"
 2012              		.file 2 "src/decNumber/decNumber.h"
 2013              		.file 3 "src/decNumber/decimal64.h"
 2014              		.file 4 "src/decNumber/decimal128.h"
 2015              		.file 5 "src/xeq.h"
 2016              		.file 6 "src/data.h"
 2017              		.file 7 "src/consts.h"
 2018              		.file 8 "src/consts.c"
ARM GAS  /tmp/ccAwOOW6.s 			page 38


DEFINED SYMBOLS
                            *ABS*:0000000000000000 consts.c
     /tmp/ccAwOOW6.s:702    .rodata.cnsts_conv:0000000000000000 cnsts_conv
     /tmp/ccAwOOW6.s:1107   .rodata.cnsts_d128:0000000000000000 cnsts_d128
     /tmp/ccAwOOW6.s:1448   .rodata.cnsts_d64:0000000000000000 cnsts_d64
     /tmp/ccAwOOW6.s:272    .rodata.cnsts:0000000000000000 cnsts
     /tmp/ccAwOOW6.s:22     .rodata.str1.4:0000000000000000 $d
     /tmp/ccAwOOW6.s:269    .rodata.cnsts:0000000000000000 $d
     /tmp/ccAwOOW6.s:699    .rodata.cnsts_conv:0000000000000000 $d
     /tmp/ccAwOOW6.s:1104   .rodata.cnsts_d128:0000000000000000 $d
     /tmp/ccAwOOW6.s:1445   .rodata.cnsts_d64:0000000000000000 $d

NO UNDEFINED SYMBOLS
